<?xml version="1.0" encoding="UTF-8"?>
<!-- Generated by org.testng.reporters.JUnitReportReporter -->
<testsuite hostname="DESKTOP-MD70B7S" failures="0" tests="5" name="TestNG.DependsOnMethods" time="0.103" errors="0" timestamp="2023-08-17T14:27:39 IST" skipped="0">
  <testcase classname="TestNG.DependsOnMethods" name="Aeroplane" time="0.009"/>
  <testcase classname="TestNG.DependsOnMethods" name="bus" time="0.008"/>
  <testcase classname="TestNG.DependsOnMethods" name="Car" time="0.009"/>
  <testcase classname="TestNG.DependsOnMethods" name="bike" time="0.019"/>
  <testcase classname="TestNG.DependsOnMethods" name="cycle" time="0.058"/>
</testsuite> <!-- TestNG.DependsOnMethods -->
