<?xml version="1.0" encoding="UTF-8"?>
<!-- Generated by org.testng.reporters.JUnitReportReporter -->
<testsuite hostname="DESKTOP-MD70B7S" failures="0" tests="6" name="TestNG.priority" time="53.446" errors="0" timestamp="2023-08-11T22:23:25 IST" skipped="0">
  <testcase classname="TestNG.priority" name="cricket" time="30.829"/>
  <testcase classname="TestNG.priority" name="vollyball" time="0.003"/>
  <testcase classname="TestNG.priority" name="carem" time="7.107"/>
  <testcase classname="TestNG.priority" name="tennies" time="0.631"/>
  <testcase classname="TestNG.priority" name="football" time="0.451"/>
  <testcase classname="TestNG.priority" name="race" time="14.425"/>
</testsuite> <!-- TestNG.priority -->
