<?xml version="1.0" encoding="UTF-8"?>
<!-- Generated by org.testng.reporters.JUnitReportReporter -->
<testsuite hostname="DESKTOP-MD70B7S" failures="0" tests="1" name="TestNG.Parameterized_Test" time="0.044" errors="0" timestamp="2023-08-13T18:37:01 IST" skipped="0">
  <testcase classname="TestNG.Parameterized_Test" name="credentials" time="0.044"/>
</testsuite> <!-- TestNG.Parameterized_Test -->
