<?xml version="1.0" encoding="UTF-8"?>
<!-- Generated by org.testng.reporters.JUnitReportReporter -->
<testsuite hostname="DESKTOP-MD70B7S" failures="0" tests="4" name="TestNG.Grouping_Test" time="0.075" errors="0" timestamp="2023-08-12T20:09:11 IST" skipped="0">
  <testcase classname="TestNG.Grouping_Test" name="bus" time="0.037"/>
  <testcase classname="TestNG.Grouping_Test" name="car" time="0.014"/>
  <testcase classname="TestNG.Grouping_Test" name="truck" time="0.014"/>
  <testcase classname="TestNG.Grouping_Test" name="train" time="0.010"/>
</testsuite> <!-- TestNG.Grouping_Test -->
