<?xml version="1.0" encoding="UTF-8"?>
<!-- Generated by org.testng.reporters.JUnitReportReporter -->
<testsuite hostname="DESKTOP-MD70B7S" failures="0" tests="1" name="TestNG.Exception_Test" time="0.045" errors="0" timestamp="2023-08-12T19:56:16 IST" skipped="0">
  <testcase classname="TestNG.Exception_Test" name="simpel" time="0.045"/>
</testsuite> <!-- TestNG.Exception_Test -->
