<?xml version="1.0" encoding="UTF-8"?>
<!-- Generated by org.testng.reporters.JUnitReportReporter -->
<testsuite hostname="DESKTOP-MD70B7S" failures="0" tests="6" name="TestNG.ignore_Annotations" time="0.086" errors="0" timestamp="2023-08-13T18:37:58 IST" skipped="3">
  <testcase classname="TestNG.ignore_Annotations" name="maven" time="0.043"/>
  <testcase classname="TestNG.ignore_Annotations" name="automation" time="0.033"/>
  <testcase classname="TestNG.ignore_Annotations" name="manual" time="0.010"/>
  <testcase classname="TestNG.ignore_Annotations" name="selenium">
    <skipped/>
  </testcase> <!-- selenium -->
  <testcase classname="TestNG.ignore_Annotations" name="cucumber">
    <skipped/>
  </testcase> <!-- cucumber -->
  <testcase classname="TestNG.ignore_Annotations" name="javaa">
    <skipped/>
  </testcase> <!-- javaa -->
</testsuite> <!-- TestNG.ignore_Annotations -->
