<?xml version="1.0" encoding="UTF-8"?>
<!-- Generated by org.testng.reporters.JUnitReportReporter -->
<testsuite hostname="DESKTOP-MD70B7S" failures="0" tests="1" name="TestNG.Soft_assert" time="0.031" errors="0" timestamp="2023-08-14T20:51:01 IST" skipped="0">
  <testcase classname="TestNG.Soft_assert" name="crendials" time="0.031"/>
</testsuite> <!-- TestNG.Soft_assert -->
