<?xml version="1.0" encoding="UTF-8"?>
<!-- Generated by org.testng.reporters.JUnitReportReporter -->
<testsuite hostname="DESKTOP-MD70B7S" failures="0" tests="3" name="TestNG.parametrized_2" time="14.135" errors="0" timestamp="2023-08-13T19:07:44 IST" skipped="0">
  <testcase classname="TestNG.parametrized_2" name="browserlaunch" time="13.204"/>
  <testcase classname="TestNG.parametrized_2" name="username" time="0.307"/>
  <testcase classname="TestNG.parametrized_2" name="password" time="0.624"/>
</testsuite> <!-- TestNG.parametrized_2 -->
