<?xml version="1.0" encoding="UTF-8"?>
<!-- Generated by org.testng.reporters.JUnitReportReporter -->
<testsuite hostname="DESKTOP-MD70B7S" failures="0" tests="2" name="TestNG.Simple" time="3.294" errors="0" timestamp="2023-08-11T18:57:54 IST" skipped="0">
  <testcase classname="TestNG.Simple" name="search_laptop" time="0.726"/>
  <testcase classname="TestNG.Simple" name="mobile" time="2.568"/>
</testsuite> <!-- TestNG.Simple -->
