<?xml version="1.0" encoding="UTF-8"?>
<!-- Generated by org.testng.reporters.JUnitReportReporter -->
<testsuite hostname="DESKTOP-MD70B7S" failures="0" tests="2" name="TestNG.Timesout_Test" time="5.094" errors="0" timestamp="2023-08-12T19:34:08 IST" skipped="0">
  <testcase classname="TestNG.Timesout_Test" name="car" time="4.017"/>
  <testcase classname="TestNG.Timesout_Test" name="bikee" time="1.077"/>
</testsuite> <!-- TestNG.Timesout_Test -->
