<?xml version="1.0" encoding="UTF-8"?>
<!-- Generated by org.testng.reporters.JUnitReportReporter -->
<testsuite hostname="DESKTOP-MD70B7S" failures="0" tests="3" name="TestNG.Data_provider" time="13.005" errors="0" timestamp="2023-08-13T20:42:43 IST" skipped="0">
  <testcase classname="TestNG.Data_provider" name="browserlaunch" time="11.830"/>
  <testcase classname="TestNG.Data_provider" name="login" time="0.535"/>
  <testcase classname="TestNG.Data_provider" name="login" time="0.640"/>
</testsuite> <!-- TestNG.Data_provider -->
